<?xml version="1.0" encoding="UTF-8"?>
<testsuite xmlns:xsi="http://www.w3.org/2001/XMLSchema-instance" xsi:noNamespaceSchemaLocation="https://maven.apache.org/surefire/maven-surefire-plugin/xsd/surefire-test-report-3.0.xsd" version="3.0" name="TestSuite" time="27.345" tests="1" errors="0" skipped="0" failures="0">
  <properties>
[...]
</properties>
  <testcase name="runScenario[&quot;User can login the application wtth valid credential and purchase the specific mens jacket&quot;, &quot;Optional[Valid user can purchase the men jacket from eCommarce website]&quot;](1)" classname="smart.usa.runnertest.Runner" time="26.52">
    <system-out><![CDATA[The fibrowserNamenally statement is executed file not found
Nopackage
 INFO [main] (Listener.java:14)- onTestStarts:runScenario
onTestStarts:runScenario

@Sanity
Scenario Outline: User can login the application wtth valid credential and purchase the specific mens jacket     &amp#27;[90m# Features/shopping.feature:23&amp#27;[0m
The fibrowserNamenally statement is executed file not found
 INFO [main] (Hooks.java:11)- >>>>>>>Automation is started<<<<<<<
 INFO [main] (BasePage.java:51)- I am a chrome browser
 INFO [main] (WebDriverManager.java:966)- Using chromedriver 108.0.5359.71 (resolved driver for Chrome 108)
 INFO [main] (WebDriverManager.java:1021)- Exporting webdriver.chrome.driver as C:\Users\13478\.cache\selenium\chromedriver\win32\108.0.5359.71\chromedriver.exe
The fibrowserNamenally statement is executed file not found
The fibrowserNamenally statement is executed file not found
 INFO [main] (ElementPage.java:262)- ******User able to click sign in button*******
 INFO [main] (ElementPage.java:264)- ******User able to enter the user name*******
 INFO [main] (ElementPage.java:266)- ******User able to enter password*******
 INFO [main] (ElementPage.java:268)- ******User able to click logIn button*******
  &amp#27;[32mGiven &amp#27;[0m&amp#27;[32muser already login the application and verify the login info in the landing page&amp#27;[0m                         &amp#27;[90m# smart.usa.stepdefination.Stepdefination.user_already_login_the_application_and_verify_the_login_info_in_the_landing_page()&amp#27;[0m
  &amp#27;[32mWhen &amp#27;[0m&amp#27;[32muser should be able to Jupiter All-Weather Trainer jacket from men module&amp#27;[0m                                 &amp#27;[90m# smart.usa.stepdefination.Stepdefination.user_should_be_able_to_jupiter_all_weather_trainer_jacket_from_men_module()&amp#27;[0m
  &amp#27;[32mAnd &amp#27;[0m&amp#27;[32muser verify the jacket name on the Jupiter All-Weather Trainer list&amp#27;[0m                                        &amp#27;[90m# smart.usa.stepdefination.Stepdefination.user_verify_the_jacket_name_on_the_jupiter_all_weather_trainer_list()&amp#27;[0m
 INFO [main] (Stepdefination.java:50)- *********User abel to select the jacket size********
 INFO [main] (Stepdefination.java:54)- *********User abel to select the color********
 INFO [main] (Stepdefination.java:58)- *********User abel to select the Jacket Quantity********
 INFO [main] (Stepdefination.java:62)- *********User abel to click on the cart********
  &amp#27;[32mAnd &amp#27;[0m&amp#27;[32muser should be able to select the M and Blue and &amp#27;[0m&amp#27;[32m&amp#27;[1m1&amp#27;[0m&amp#27;[32m and click on the add to cart&amp#27;[0m                            &amp#27;[90m# smart.usa.stepdefination.Stepdefination.user_should_be_able_to_select_the_m_and_blue_and_and_click_on_the_add_to_cart(java.lang.Integer)&amp#27;[0m
 INFO [main] (Stepdefination.java:69)- *********User abel to click on the Shoppingcart********
 INFO [main] (Stepdefination.java:73)- *********User abel to click on proceedToCheckOut********
  &amp#27;[32mAnd &amp#27;[0m&amp#27;[32muser able to click on the cart and checkout&amp#27;[0m                                                                &amp#27;[90m# smart.usa.stepdefination.Stepdefination.user_able_to_click_on_the_cart_and_checkout()&amp#27;[0m
 INFO [main] (Stepdefination.java:82)- *********User abel to click on Add New Adress********
 INFO [main] (ElementPage.java:273)- ******User able to enter First Name*******
 INFO [main] (ElementPage.java:278)- ******User able to enter Last Name*******
 INFO [main] (ElementPage.java:283)- ******User able to enter Company Name as Home*******
 INFO [main] (ElementPage.java:288)- ******User able to enter Home Address*******
 INFO [main] (ElementPage.java:293)- ******User able to enter CityName*******
 INFO [main] (ElementPage.java:298)- ******User able to select state*******
 INFO [main] (ElementPage.java:302)- ******User able to enter Zipcode*******
 INFO [main] (ElementPage.java:307)- ******User able to select country as United States *******
 INFO [main] (ElementPage.java:311)- ******User able to enter shipper phone number *******
 INFO [main] (ElementPage.java:316)- ******User able to click on ship here button*******
 INFO [main] (ElementPage.java:320)- ******User able to select shipping method*******
 INFO [main] (ElementPage.java:329)- ******User able to click next*******
 INFO [main] (ElementPage.java:333)- ******User able to click Place Order*******
 INFO [main] (ElementPage.java:337)- ******User able to get order number*******
 INFO [main] (ElementPage.java:341)- ******User able to get order confermation number*******
  &amp#27;[32mAnd &amp#27;[0m&amp#27;[32muser able to enter the shopping details and click on the next&amp#27;[0m                                              &amp#27;[90m# smart.usa.stepdefination.Stepdefination.user_able_to_enter_the_shopping_details_and_click_on_the_next()&amp#27;[0m
 INFO [main] (Stepdefination.java:93)- *********User abel to verify order number********
 INFO [main] (Stepdefination.java:97)- This is the new order numberYour order number is: 000013341.
  &amp#27;[32mAnd &amp#27;[0m&amp#27;[32muser able to verify the shippinig address and place the order&amp#27;[0m                                              &amp#27;[90m# smart.usa.stepdefination.Stepdefination.user_able_to_verify_the_shippinig_address_and_place_the_order()&amp#27;[0m
 INFO [main] (Stepdefination.java:106)- *********User abel to verify order number********
 INFO [main] (Stepdefination.java:110)- This is the new order numberYour order number is: 000013341.
Screenshot taken
 INFO [main] (Stepdefination.java:113)- *********User abel to verify orderconfermation text********
 INFO [main] (Stepdefination.java:117)- This is the new order numberYour order number is: 000013341.
  &amp#27;[32mThen &amp#27;[0m&amp#27;[32muser should be able to verify the order number and get text on the screen &amp#27;[0m&amp#27;[32m&amp#27;[1m"Thank you for your purchase !"&amp#27;[0m &amp#27;[90m# smart.usa.stepdefination.Stepdefination.user_should_be_able_to_verify_the_order_number_and_get_text_on_the_screen(java.lang.String)&amp#27;[0m
 INFO [main] (Hooks.java:17)- >>>>>>>Automation is ended<<<<<<<
runScenario
]]></system-out>
    <system-err><![CDATA[Starting ChromeDriver 108.0.5359.71 (1e0e3868ee06e91ad636a874420e3ca3ae3756ac-refs/branch-heads/5359@{#1016}) on port 39718
Only local connections are allowed.
Please see https://chromedriver.chromium.org/security-considerations for suggestions on keeping ChromeDriver safe.
ChromeDriver was started successfully.
Dec 28, 2022 10:29:44 PM org.openqa.selenium.remote.ProtocolHandshake createSession
INFO: Detected dialect: W3C
]]></system-err>
  </testcase>
</testsuite>