<?xml version="1.0" encoding="UTF-8"?>
<testng-results ignored="0" total="1" passed="1" failed="0" skipped="0">
  <reporter-output>
  </reporter-output>
  <suite started-at="2022-12-27T18:01:33 EST" name="Suite1" finished-at="2022-12-27T18:01:57 EST" duration-ms="24705">
    <groups>
      <group name="cucumber">
        <method signature="AbstractTestNGCucumberTests.runScenario(io.cucumber.testng.PickleWrapper,io.cucumber.testng.FeatureWrapper)[pri:0, instance:smart.usa.runnertest.Runner@4d15107f]" name="runScenario" class="io.cucumber.testng.AbstractTestNGCucumberTests"/>
      </group> <!-- cucumber -->
    </groups>
    <test started-at="2022-12-27T18:01:33 EST" name="Nopackage" finished-at="2022-12-27T18:01:57 EST" duration-ms="24705">
      <class name="smart.usa.runnertest.Runner">
        <test-method is-config="true" signature="setUpClass()[pri:0, instance:smart.usa.runnertest.Runner@4d15107f]" started-at="2022-12-27T18:01:33 EST" name="setUpClass" finished-at="2022-12-27T18:01:33 EST" duration-ms="366" status="PASS">
          <reporter-output>
          </reporter-output>
        </test-method> <!-- setUpClass -->
        <test-method signature="runScenario(io.cucumber.testng.PickleWrapper,io.cucumber.testng.FeatureWrapper)[pri:0, instance:smart.usa.runnertest.Runner@4d15107f]" started-at="2022-12-27T18:01:33 EST" name="runScenario" description="Runs Cucumber Scenarios" data-provider="scenarios" finished-at="2022-12-27T18:01:57 EST" duration-ms="24182" status="PASS">
          <params>
            <param index="0">
              <value>
                <![CDATA["User can login the application wtth valid credential and purchase the specific mens jacket"]]>
              </value>
            </param>
            <param index="1">
              <value>
                <![CDATA["Optional[Valid user can purchase the men jacket from eCommarce website]"]]>
              </value>
            </param>
          </params>
          <reporter-output>
          </reporter-output>
        </test-method> <!-- runScenario -->
        <test-method is-config="true" signature="tearDownClass()[pri:0, instance:smart.usa.runnertest.Runner@4d15107f]" started-at="2022-12-27T18:01:57 EST" name="tearDownClass" finished-at="2022-12-27T18:01:57 EST" duration-ms="116" status="PASS">
          <reporter-output>
          </reporter-output>
        </test-method> <!-- tearDownClass -->
      </class> <!-- smart.usa.runnertest.Runner -->
    </test> <!-- Nopackage -->
  </suite> <!-- Suite1 -->
</testng-results>
